[DEBUG] (src/corange.c:corange_init:53) Starting Corange...
[DEBUG] (src/corange.c:corange_init:56) Creating Asset Manager...
[DEBUG] (src/corange.c:corange_init:57) Core Assets At '../../assets_core' ...
[DEBUG] (src/corange.c:corange_init:95) Creating Entity Manager...
[DEBUG] (src/corange.c:corange_init:110) Creating UI Manager...
[DEBUG] (src/corange.c:corange_init:127) Creating Graphics Manager...
[DEBUG] (src/corange.c:corange_init:131) Creating Audio Manager...
[DEBUG] (src/corange.c:corange_init:135) Creating Joystick Manager...
[DEBUG] (src/cjoystick.c:joystick_init:16) Found 1 joysticks
[DEBUG] (src/cjoystick.c:joystick_init:24) JoyStick 0 (PowerA Xbox One Controller) loaded.
[DEBUG] (src/corange.c:corange_init:139) Creating Network Manager...
[DEBUG] (src/corange.c:corange_init:142) Finished!
[DEBUG] (src/casset.c:file_load:282) Loading: '/home/wullie/Documents/WcEngine/code/demos/extention/graphics.cfg'
[DEBUG] (src/casset.c:file_load:282) Loading: '/home/wullie/Documents/WcEngine/code/assets_core/sky/cloud_horizon1.bmf'
[DEBUG] (src/casset.c:file_load:282) Loading: '/home/wullie/Documents/WcEngine/code/assets_core/shaders/basic.mat'
[DEBUG] (src/casset.c:file_load:282) Loading: '/home/wullie/Documents/WcEngine/code/assets_core/shaders/basic.vs'
[DEBUG] (src/casset.c:file_load:282) Loading: '/home/wullie/Documents/WcEngine/code/assets_core/shaders/basic.fs'
[DEBUG] (src/casset.c:file_load:282) Loading: '/home/wullie/Documents/WcEngine/code/assets_core/textures/orange_peel.dds'
[DEBUG] (src/casset.c:file_load:282) Loading: '/home/wullie/Documents/WcEngine/code/assets_core/textures/orange_peel_nm.dds'
[DEBUG] (src/casset.c:file_load:282) Loading: '/home/wullie/Documents/WcEngine/code/assets_core/textures/orange_peel_s.dds'
[DEBUG] (src/casset.c:file_load:282) Loading: '/home/wullie/Documents/WcEngine/code/assets_core/sky/cloud_horizon2.bmf'
[DEBUG] (src/casset.c:file_load:282) Loading: '/home/wullie/Documents/WcEngine/code/assets_core/sky/cloud_horizon3.bmf'
[DEBUG] (src/casset.c:file_load:282) Loading: '/home/wullie/Documents/WcEngine/code/assets_core/sky/cloud_horizon4.bmf'
[DEBUG] (src/casset.c:file_load:282) Loading: '/home/wullie/Documents/WcEngine/code/assets_core/sky/cloud_lower4.bmf'
[DEBUG] (src/casset.c:file_load:282) Loading: '/home/wullie/Documents/WcEngine/code/assets_core/sky/cloud_sheet1.bmf'
[DEBUG] (src/casset.c:file_load:282) Loading: '/home/wullie/Documents/WcEngine/code/assets_core/sky/cloud_sheet2.bmf'
[DEBUG] (src/casset.c:file_load:282) Loading: '/home/wullie/Documents/WcEngine/code/assets_core/sky/cloud_sheet3.bmf'
[DEBUG] (src/casset.c:file_load:282) Loading: '/home/wullie/Documents/WcEngine/code/assets_core/sky/cloud_sheet4.bmf'
[DEBUG] (src/casset.c:file_load:282) Loading: '/home/wullie/Documents/WcEngine/code/assets_core/sky/cloud_sheet5.bmf'
[DEBUG] (src/casset.c:file_load:282) Loading: '/home/wullie/Documents/WcEngine/code/assets_core/sky/cloud_upper1.bmf'
[DEBUG] (src/casset.c:file_load:282) Loading: '/home/wullie/Documents/WcEngine/code/assets_core/sky/cloud_upper2.bmf'
[DEBUG] (src/casset.c:file_load:282) Loading: '/home/wullie/Documents/WcEngine/code/assets_core/sky/cloud_upper3.bmf'
[DEBUG] (src/casset.c:file_load:282) Loading: '/home/wullie/Documents/WcEngine/code/assets_core/sky/cloud_upper4.bmf'
[DEBUG] (src/casset.c:file_load:282) Loading: '/home/wullie/Documents/WcEngine/code/assets_core/sky/cloudshorizon01.dds'
[DEBUG] (src/casset.c:file_load:282) Loading: '/home/wullie/Documents/WcEngine/code/assets_core/sky/cloudslower04.dds'
[DEBUG] (src/casset.c:file_load:282) Loading: '/home/wullie/Documents/WcEngine/code/assets_core/sky/cloudsheet01.dds'
[DEBUG] (src/casset.c:file_load:282) Loading: '/home/wullie/Documents/WcEngine/code/assets_core/sky/cloudsupper01.dds'
[DEBUG] (src/casset.c:file_load:282) Loading: '/home/wullie/Documents/WcEngine/code/assets_core/sky/cloudsupper02.dds'
[DEBUG] (src/casset.c:file_load:282) Loading: '/home/wullie/Documents/WcEngine/code/assets_core/sky/sun_sprite.bmf'
[DEBUG] (src/casset.c:file_load:282) Loading: '/home/wullie/Documents/WcEngine/code/assets_core/sky/sun_sprite.dds'
[DEBUG] (src/casset.c:file_load:282) Loading: '/home/wullie/Documents/WcEngine/code/assets_core/sky/moon_sprite.bmf'
[DEBUG] (src/casset.c:file_load:282) Loading: '/home/wullie/Documents/WcEngine/code/assets_core/sky/moon_sprite.dds'
[DEBUG] (src/casset.c:folder_load:308) Loading Folder: '/home/wullie/Documents/WcEngine/code/assets_core/shaders/deferred'
[DEBUG] (src/casset.c:file_load:282) Loading: '/home/wullie/Documents/WcEngine/code/assets_core/shaders/deferred/skin.fs'
[DEBUG] (src/casset.c:file_load:282) Loading: '/home/wullie/Documents/WcEngine/code/assets_core/shaders/deferred/ui.fs'
[DEBUG] (src/casset.c:file_load:282) Loading: '/home/wullie/Documents/WcEngine/code/assets_core/shaders/deferred/skin.mat'
[DEBUG] (src/casset.c:file_load:282) Loading: '/home/wullie/Documents/WcEngine/code/assets_core/shaders/deferred/skin.vs'
[DEBUG] (src/casset.c:file_load:282) Loading: '/home/wullie/Documents/WcEngine/code/assets_core/shaders/deferred/tonemap.fs'
[DEBUG] (src/casset.c:file_load:282) Loading: '/home/wullie/Documents/WcEngine/code/assets_core/shaders/deferred/terrain_low.fs'
[DEBUG] (src/casset.c:file_load:282) Loading: '/home/wullie/Documents/WcEngine/code/assets_core/shaders/deferred/ui.mat'
[DEBUG] (src/casset.c:file_load:282) Loading: '/home/wullie/Documents/WcEngine/code/assets_core/shaders/deferred/ui.vs'
[DEBUG] (src/casset.c:file_load:282) Loading: '/home/wullie/Documents/WcEngine/code/assets_core/shaders/deferred/sun.mat'
[DEBUG] (src/casset.c:file_load:282) Loading: '/home/wullie/Documents/WcEngine/code/assets_core/shaders/deferred/sun.vs'
[DEBUG] (src/casset.c:file_load:282) Loading: '/home/wullie/Documents/WcEngine/code/assets_core/shaders/deferred/sun.fs'
[DEBUG] (src/casset.c:file_load:282) Loading: '/home/wullie/Documents/WcEngine/code/assets_core/shaders/deferred/sea.mat'
[DEBUG] (src/casset.c:file_load:282) Loading: '/home/wullie/Documents/WcEngine/code/assets_core/shaders/deferred/sea.vs'
[DEBUG] (src/casset.c:file_load:282) Loading: '/home/wullie/Documents/WcEngine/code/assets_core/shaders/deferred/sea.fs'
[DEBUG] (src/casset.c:file_load:282) Loading: '/home/wullie/Documents/WcEngine/code/assets_core/shaders/deferred/depth.vs'
[DEBUG] (src/casset.c:file_load:282) Loading: '/home/wullie/Documents/WcEngine/code/assets_core/shaders/deferred/particles.mat'
[DEBUG] (src/casset.c:file_load:282) Loading: '/home/wullie/Documents/WcEngine/code/assets_core/shaders/deferred/particles.vs'
[DEBUG] (src/casset.c:file_load:282) Loading: '/home/wullie/Documents/WcEngine/code/assets_core/shaders/deferred/particles.fs'
[DEBUG] (src/casset.c:file_load:282) Loading: '/home/wullie/Documents/WcEngine/code/assets_core/shaders/deferred/instance.mat'
[DEBUG] (src/casset.c:file_load:282) Loading: '/home/wullie/Documents/WcEngine/code/assets_core/shaders/deferred/instance.vs'
[DEBUG] (src/casset.c:file_load:282) Loading: '/home/wullie/Documents/WcEngine/code/assets_core/shaders/deferred/static.fs'
[DEBUG] (src/casset.c:file_load:282) Loading: '/home/wullie/Documents/WcEngine/code/assets_core/shaders/deferred/terrain.fs'
[DEBUG] (src/casset.c:file_load:282) Loading: '/home/wullie/Documents/WcEngine/code/assets_core/shaders/deferred/tonemap.vs'
[DEBUG] (src/casset.c:file_load:282) Loading: '/home/wullie/Documents/WcEngine/code/assets_core/shaders/deferred/vegetation.mat'
[DEBUG] (src/casset.c:file_load:282) Loading: '/home/wullie/Documents/WcEngine/code/assets_core/shaders/deferred/vegetation.vs'
[DEBUG] (src/casset.c:file_load:282) Loading: '/home/wullie/Documents/WcEngine/code/assets_core/shaders/deferred/vegetation.fs'
[DEBUG] (src/casset.c:file_load:282) Loading: '/home/wullie/Documents/WcEngine/code/assets_core/shaders/deferred/depth_terrain.vs'
[DEBUG] (src/casset.c:file_load:282) Loading: '/home/wullie/Documents/WcEngine/code/assets_core/shaders/deferred/terrain_low.mat'
[DEBUG] (src/casset.c:file_load:282) Loading: '/home/wullie/Documents/WcEngine/code/assets_core/shaders/deferred/terrain.vs'
[DEBUG] (src/casset.c:file_load:282) Loading: '/home/wullie/Documents/WcEngine/code/assets_core/shaders/deferred/compose_low.mat'
[DEBUG] (src/casset.c:file_load:282) Loading: '/home/wullie/Documents/WcEngine/code/assets_core/shaders/deferred/compose.vs'
[DEBUG] (src/casset.c:file_load:282) Loading: '/home/wullie/Documents/WcEngine/code/assets_core/shaders/deferred/compose_low.fs'
[DEBUG] (src/casset.c:file_load:282) Loading: '/home/wullie/Documents/WcEngine/code/assets_core/shaders/deferred/clouds.mat'
[DEBUG] (src/casset.c:file_load:282) Loading: '/home/wullie/Documents/WcEngine/code/assets_core/shaders/deferred/clouds.vs'
[DEBUG] (src/casset.c:file_load:282) Loading: '/home/wullie/Documents/WcEngine/code/assets_core/shaders/deferred/clouds.fs'
[DEBUG] (src/casset.c:file_load:282) Loading: '/home/wullie/Documents/WcEngine/code/assets_core/shaders/deferred/ssao.mat'
[DEBUG] (src/casset.c:file_load:282) Loading: '/home/wullie/Documents/WcEngine/code/assets_core/shaders/deferred/ssao.vs'
[DEBUG] (src/casset.c:file_load:282) Loading: '/home/wullie/Documents/WcEngine/code/assets_core/shaders/deferred/ssao.fs'
[DEBUG] (src/casset.c:file_load:282) Loading: '/home/wullie/Documents/WcEngine/code/assets_core/shaders/deferred/skydome.vs'
[DEBUG] (src/casset.c:file_load:282) Loading: '/home/wullie/Documents/WcEngine/code/assets_core/shaders/deferred/skydome.mat'
[DEBUG] (src/casset.c:file_load:282) Loading: '/home/wullie/Documents/WcEngine/code/assets_core/shaders/deferred/skydome.fs'
[DEBUG] (src/casset.c:file_load:282) Loading: '/home/wullie/Documents/WcEngine/code/assets_core/shaders/deferred/post0.fs'
[DEBUG] (src/casset.c:file_load:282) Loading: '/home/wullie/Documents/WcEngine/code/assets_core/shaders/deferred/tonemap.mat'
[DEBUG] (src/casset.c:file_load:282) Loading: '/home/wullie/Documents/WcEngine/code/assets_core/shaders/deferred/depth_animated.mat'
[DEBUG] (src/casset.c:file_load:282) Loading: '/home/wullie/Documents/WcEngine/code/assets_core/shaders/deferred/depth_animated.vs'
[DEBUG] (src/casset.c:file_load:282) Loading: '/home/wullie/Documents/WcEngine/code/assets_core/shaders/deferred/depth.fs'
[DEBUG] (src/casset.c:file_load:282) Loading: '/home/wullie/Documents/WcEngine/code/assets_core/shaders/deferred/animated.mat'
[DEBUG] (src/casset.c:file_load:282) Loading: '/home/wullie/Documents/WcEngine/code/assets_core/shaders/deferred/animated.vs'
[DEBUG] (src/casset.c:file_load:282) Loading: '/home/wullie/Documents/WcEngine/code/assets_core/shaders/deferred/static.mat'
[DEBUG] (src/casset.c:file_load:282) Loading: '/home/wullie/Documents/WcEngine/code/assets_core/shaders/deferred/static.vs'
[DEBUG] (src/casset.c:file_load:282) Loading: '/home/wullie/Documents/WcEngine/code/assets_core/shaders/deferred/post1.mat'
[DEBUG] (src/casset.c:file_load:282) Loading: '/home/wullie/Documents/WcEngine/code/assets_core/shaders/deferred/post.vs'
[DEBUG] (src/casset.c:file_load:282) Loading: '/home/wullie/Documents/WcEngine/code/assets_core/shaders/deferred/post1.fs'
[DEBUG] (src/casset.c:file_load:282) Loading: '/home/wullie/Documents/WcEngine/code/assets_core/shaders/deferred/post0.mat'
[DEBUG] (src/casset.c:file_load:282) Loading: '/home/wullie/Documents/WcEngine/code/assets_core/shaders/deferred/depth_terrain.fs'
[DEBUG] (src/casset.c:file_load:282) Loading: '/home/wullie/Documents/WcEngine/code/assets_core/shaders/deferred/depth_instance.vs'
[DEBUG] (src/casset.c:file_load:282) Loading: '/home/wullie/Documents/WcEngine/code/assets_core/shaders/deferred/depth_vegetation.vs'
[DEBUG] (src/casset.c:file_load:282) Loading: '/home/wullie/Documents/WcEngine/code/assets_core/shaders/deferred/terrain.mat'
[DEBUG] (src/casset.c:file_load:282) Loading: '/home/wullie/Documents/WcEngine/code/assets_core/shaders/deferred/compose.mat'
[DEBUG] (src/casset.c:file_load:282) Loading: '/home/wullie/Documents/WcEngine/code/assets_core/shaders/deferred/compose.fs'
[DEBUG] (src/casset.c:file_load:282) Loading: '/home/wullie/Documents/WcEngine/code/assets_core/shaders/deferred/depth_terrain.mat'
[DEBUG] (src/casset.c:file_load:282) Loading: '/home/wullie/Documents/WcEngine/code/assets_core/shaders/deferred/clear.vs'
[DEBUG] (src/casset.c:file_load:282) Loading: '/home/wullie/Documents/WcEngine/code/assets_core/shaders/deferred/depth_vegetation.mat'
[DEBUG] (src/casset.c:file_load:282) Loading: '/home/wullie/Documents/WcEngine/code/assets_core/shaders/deferred/clear.mat'
[DEBUG] (src/casset.c:file_load:282) Loading: '/home/wullie/Documents/WcEngine/code/assets_core/shaders/deferred/clear.fs'
[DEBUG] (src/casset.c:file_load:282) Loading: '/home/wullie/Documents/WcEngine/code/assets_core/shaders/deferred/depth_instance.mat'
[DEBUG] (src/casset.c:file_load:282) Loading: '/home/wullie/Documents/WcEngine/code/assets_core/shaders/deferred/depth.mat'
[DEBUG] (src/casset.c:file_load:282) Loading: '/home/wullie/Documents/WcEngine/code/assets_core/sky/skydome.bmf'
[DEBUG] (src/casset.c:file_load:282) Loading: '/home/wullie/Documents/WcEngine/code/assets_core/objects/sphere.bmf'
[DEBUG] (src/casset.c:file_load:282) Loading: '/home/wullie/Documents/WcEngine/code/assets_core/water/sea.bmf'
[DEBUG] (src/casset.c:file_load:282) Loading: '/home/wullie/Documents/WcEngine/code/assets_core/luts/identity.lut'
[DEBUG] (src/casset.c:file_load:282) Loading: '/home/wullie/Documents/WcEngine/code/assets_core/textures/random.dds'
[DEBUG] (src/casset.c:file_load:282) Loading: '/home/wullie/Documents/WcEngine/code/assets_core/textures/random_perlin.dds'
[DEBUG] (src/casset.c:file_load:282) Loading: '/home/wullie/Documents/WcEngine/code/assets_core/textures/envmap.dds'
[DEBUG] (src/casset.c:file_load:282) Loading: '/home/wullie/Documents/WcEngine/code/assets_core/ui/vignetting.dds'
[DEBUG] (src/casset.c:file_load:282) Loading: '/home/wullie/Documents/WcEngine/code/assets_core/water/bump0.dds'
[DEBUG] (src/casset.c:file_load:282) Loading: '/home/wullie/Documents/WcEngine/code/assets_core/water/bump1.dds'
[DEBUG] (src/casset.c:file_load:282) Loading: '/home/wullie/Documents/WcEngine/code/assets_core/water/bump2.dds'
[DEBUG] (src/casset.c:file_load:282) Loading: '/home/wullie/Documents/WcEngine/code/assets_core/water/bump3.dds'
[DEBUG] (src/casset.c:file_load:282) Loading: '/home/wullie/Documents/WcEngine/code/assets_core/water/envmap_sea.dds'
[DEBUG] (src/casset.c:file_load:282) Loading: '/home/wullie/Documents/WcEngine/code/assets_core/water/cube_sea.dds'
[DEBUG] (src/casset.c:file_load:282) Loading: '/home/wullie/Documents/WcEngine/code/assets_core/textures/cube_field.dds'
[DEBUG] (src/casset.c:file_load:282) Loading: '/home/wullie/Documents/WcEngine/code/assets_core/textures/white.dds'
[DEBUG] (src/casset.c:file_load:282) Loading: '/home/wullie/Documents/WcEngine/code/assets_core/textures/grey.dds'
[DEBUG] (src/casset.c:file_load:282) Loading: '/home/wullie/Documents/WcEngine/code/assets_core/textures/skin_lookup.dds'
[DEBUG] (src/centity.c:entity_new_type_id:70) Creating Entity cam (camera)
[DEBUG] (src/cui.c:ui_elem_new_type_id:125) Creating UI Element framerate (ui_button)
[DEBUG] (src/casset.c:file_load:282) Loading: '/home/wullie/Documents/WcEngine/code/assets_core/ui/pale_orange.dds'
[DEBUG] (src/casset.c:file_load:282) Loading: '/home/wullie/Documents/WcEngine/code/assets_core/fonts/console_font.fnt'
[DEBUG] (src/casset.c:file_load:282) Loading: '/home/wullie/Documents/WcEngine/code/assets_core/fonts/console_font_0.dds'
[DEBUG] (src/casset.c:file_load:282) Loading: '/home/wullie/Documents/WcEngine/code/assets_core/shaders/ui.mat'
[DEBUG] (src/casset.c:file_load:282) Loading: '/home/wullie/Documents/WcEngine/code/assets_core/shaders/ui.vs'
[DEBUG] (src/casset.c:file_load:282) Loading: '/home/wullie/Documents/WcEngine/code/assets_core/shaders/ui.fs'
[ERROR] (src/corange.c:corange_signal:8) Program Interrupted
